                                                                                                                        
>>>>>>>>>>>>>>>>>>>>>>>>>>>>>>>>>>>>>>>>>>>>>>>>>>>>>>>>>>>>>>>>>>>>>>>>>>>>>>>>>>>>>>>>>>>>>>>>>>>>>>>>>>>>>>>>>>>>>>>>
2024-10-23 20:25:19,143 - INFO - START NSP_OEC_Training_Chapter_16 =============================================
2024-10-23 20:25:19,143 - INFO - START NSP_OEC_Training_Chapter_16 Start Time = 2024-10-23 20:25:19
2024-10-23 20:25:19,144 - INFO - NSP_OEC_Training_Chapter_16 Step 0 - Initialize the configuration file parser
2024-10-23 20:25:19,144 - INFO - Process NSP_OEC_Training_Chapter_16 Step 0 - Initializing and starting Logging Process.
2024-10-23 20:25:19,207 - INFO - PERFORMANCE NSP_OEC_Training_Chapter_16 The total process duration was:0.06
2024-10-23 20:25:19,207 - INFO - PERFORMANCE NSP_OEC_Training_Chapter_16 Stop Time = 2024-10-23 20:25:19
2024-10-23 20:25:19,208 - INFO - PERFORMANCE NSP_OEC_Training_Chapter_16 Short process duration less than 3 Seconds:0.06
2024-10-23 20:25:19,208 - INFO - PERFORMANCE NSP_OEC_Training_Chapter_16 Performance optimization is not reccomended
2024-10-23 20:25:19,208 - INFO - END NSP_OEC_Training_Chapter_16 =============================================

<<<<<<<<<<<<<<<<<<<<<<<<<<<<<<<<<<<<<<<<<<<<<<<<<<<<<<<<<<<<<<<<<<<<<<<<<<<<<<<<<<<<<<<<<<<<<<<<<<<<<<<<<<<<<<<<<<<<<<<<
                                                                                                                        
                                                                                                                        
>>>>>>>>>>>>>>>>>>>>>>>>>>>>>>>>>>>>>>>>>>>>>>>>>>>>>>>>>>>>>>>>>>>>>>>>>>>>>>>>>>>>>>>>>>>>>>>>>>>>>>>>>>>>>>>>>>>>>>>>
2024-10-23 20:26:31,310 - INFO - START NSP_OEC_Training_Chapter_16 =============================================
2024-10-23 20:26:31,310 - INFO - START NSP_OEC_Training_Chapter_16 Start Time = 2024-10-23 20:26:31
2024-10-23 20:26:31,311 - INFO - NSP_OEC_Training_Chapter_16 Step 0 - Initialize the configuration file parser
2024-10-23 20:26:31,311 - INFO - Process NSP_OEC_Training_Chapter_16 Step 0 - Initializing and starting Logging Process.
2024-10-23 20:26:31,373 - INFO - PERFORMANCE NSP_OEC_Training_Chapter_16 The total process duration was:0.06
2024-10-23 20:26:31,373 - INFO - PERFORMANCE NSP_OEC_Training_Chapter_16 Stop Time = 2024-10-23 20:26:31
2024-10-23 20:26:31,373 - INFO - PERFORMANCE NSP_OEC_Training_Chapter_16 Short process duration less than 3 Seconds:0.06
2024-10-23 20:26:31,373 - INFO - PERFORMANCE NSP_OEC_Training_Chapter_16 Performance optimization is not reccomended
2024-10-23 20:26:31,374 - INFO - END NSP_OEC_Training_Chapter_16 =============================================

<<<<<<<<<<<<<<<<<<<<<<<<<<<<<<<<<<<<<<<<<<<<<<<<<<<<<<<<<<<<<<<<<<<<<<<<<<<<<<<<<<<<<<<<<<<<<<<<<<<<<<<<<<<<<<<<<<<<<<<<
                                                                                                                        
